{"C:\\Programmieren\\Rätsel\\src\\factorial.ts": {"path":"C:\\Programmieren\\Rätsel\\src\\factorial.ts","statementMap":{"0":{"start":{"line":2,"column":2},"end":{"line":4,"column":3}},"1":{"start":{"line":3,"column":4},"end":{"line":3,"column":69}},"2":{"start":{"line":6,"column":12},"end":{"line":6,"column":13}},"3":{"start":{"line":7,"column":2},"end":{"line":9,"column":3}},"4":{"start":{"line":7,"column":15},"end":{"line":7,"column":16}},"5":{"start":{"line":8,"column":4},"end":{"line":8,"column":13}},"6":{"start":{"line":11,"column":2},"end":{"line":11,"column":13}},"7":{"start":{"line":1,"column":0},"end":{"line":1,"column":16}}},"fnMap":{"0":{"name":"factorial","decl":{"start":{"line":1,"column":16},"end":{"line":1,"column":25}},"loc":{"start":{"line":1,"column":37},"end":{"line":12,"column":1}}}},"branchMap":{"0":{"loc":{"start":{"line":2,"column":2},"end":{"line":4,"column":3}},"type":"if","locations":[{"start":{"line":2,"column":2},"end":{"line":4,"column":3}}]}},"s":{"0":7,"1":1,"2":6,"3":6,"4":6,"5":18,"6":6,"7":1},"f":{"0":7},"b":{"0":[1]}}
,"C:\\Programmieren\\Rätsel\\src\\prime.ts": {"path":"C:\\Programmieren\\Rätsel\\src\\prime.ts","statementMap":{"0":{"start":{"line":2,"column":2},"end":{"line":2,"column":26}},"1":{"start":{"line":2,"column":13},"end":{"line":2,"column":26}},"2":{"start":{"line":3,"column":2},"end":{"line":3,"column":28}},"3":{"start":{"line":3,"column":15},"end":{"line":3,"column":28}},"4":{"start":{"line":5,"column":2},"end":{"line":7,"column":3}},"5":{"start":{"line":5,"column":15},"end":{"line":5,"column":16}},"6":{"start":{"line":6,"column":4},"end":{"line":6,"column":34}},"7":{"start":{"line":6,"column":21},"end":{"line":6,"column":34}},"8":{"start":{"line":9,"column":2},"end":{"line":9,"column":14}},"9":{"start":{"line":1,"column":0},"end":{"line":1,"column":16}},"10":{"start":{"line":13,"column":10},"end":{"line":13,"column":15}},"11":{"start":{"line":15,"column":2},"end":{"line":17,"column":3}},"12":{"start":{"line":16,"column":4},"end":{"line":16,"column":8}},"13":{"start":{"line":19,"column":2},"end":{"line":19,"column":11}},"14":{"start":{"line":12,"column":0},"end":{"line":12,"column":16}},"15":{"start":{"line":24,"column":16},"end":{"line":24,"column":44}},"16":{"start":{"line":25,"column":2},"end":{"line":25,"column":30}},"17":{"start":{"line":28,"column":2},"end":{"line":34,"column":3}},"18":{"start":{"line":28,"column":15},"end":{"line":28,"column":16}},"19":{"start":{"line":29,"column":4},"end":{"line":33,"column":5}},"20":{"start":{"line":30,"column":6},"end":{"line":32,"column":7}},"21":{"start":{"line":30,"column":19},"end":{"line":30,"column":24}},"22":{"start":{"line":31,"column":8},"end":{"line":31,"column":25}},"23":{"start":{"line":36,"column":2},"end":{"line":36,"column":15}},"24":{"start":{"line":40,"column":16},"end":{"line":40,"column":43}},"25":{"start":{"line":43,"column":12},"end":{"line":43,"column":13}},"26":{"start":{"line":44,"column":2},"end":{"line":48,"column":3}},"27":{"start":{"line":44,"column":15},"end":{"line":44,"column":23}},"28":{"start":{"line":45,"column":4},"end":{"line":47,"column":5}},"29":{"start":{"line":46,"column":6},"end":{"line":46,"column":15}},"30":{"start":{"line":50,"column":2},"end":{"line":50,"column":13}},"31":{"start":{"line":39,"column":0},"end":{"line":39,"column":16}},"32":{"start":{"line":54,"column":16},"end":{"line":54,"column":43}},"33":{"start":{"line":56,"column":22},"end":{"line":56,"column":24}},"34":{"start":{"line":57,"column":2},"end":{"line":61,"column":3}},"35":{"start":{"line":57,"column":15},"end":{"line":57,"column":16}},"36":{"start":{"line":58,"column":4},"end":{"line":60,"column":5}},"37":{"start":{"line":59,"column":6},"end":{"line":59,"column":26}},"38":{"start":{"line":62,"column":2},"end":{"line":62,"column":21}},"39":{"start":{"line":53,"column":0},"end":{"line":53,"column":16}}},"fnMap":{"0":{"name":"isPrime","decl":{"start":{"line":1,"column":16},"end":{"line":1,"column":23}},"loc":{"start":{"line":1,"column":33},"end":{"line":10,"column":1}}},"1":{"name":"nextPrime","decl":{"start":{"line":12,"column":16},"end":{"line":12,"column":25}},"loc":{"start":{"line":12,"column":35},"end":{"line":20,"column":1}}},"2":{"name":"sieveOfEratosthenes","decl":{"start":{"line":22,"column":9},"end":{"line":22,"column":28}},"loc":{"start":{"line":22,"column":43},"end":{"line":37,"column":1}}},"3":{"name":"sumOfPrimeRange","decl":{"start":{"line":39,"column":16},"end":{"line":39,"column":31}},"loc":{"start":{"line":39,"column":64},"end":{"line":51,"column":1}}},"4":{"name":"rangeOfPrimes","decl":{"start":{"line":53,"column":16},"end":{"line":53,"column":29}},"loc":{"start":{"line":53,"column":44},"end":{"line":63,"column":1}}}},"branchMap":{"0":{"loc":{"start":{"line":2,"column":2},"end":{"line":2,"column":26}},"type":"if","locations":[{"start":{"line":2,"column":2},"end":{"line":2,"column":26}}]},"1":{"loc":{"start":{"line":3,"column":2},"end":{"line":3,"column":28}},"type":"if","locations":[{"start":{"line":3,"column":2},"end":{"line":3,"column":28}}]},"2":{"loc":{"start":{"line":6,"column":4},"end":{"line":6,"column":34}},"type":"if","locations":[{"start":{"line":6,"column":4},"end":{"line":6,"column":34}}]},"3":{"loc":{"start":{"line":29,"column":4},"end":{"line":33,"column":5}},"type":"if","locations":[{"start":{"line":29,"column":4},"end":{"line":33,"column":5}}]},"4":{"loc":{"start":{"line":45,"column":4},"end":{"line":47,"column":5}},"type":"if","locations":[{"start":{"line":45,"column":4},"end":{"line":47,"column":5}}]},"5":{"loc":{"start":{"line":58,"column":4},"end":{"line":60,"column":5}},"type":"if","locations":[{"start":{"line":58,"column":4},"end":{"line":60,"column":5}}]}},"s":{"0":24,"1":2,"2":22,"3":1,"4":21,"5":21,"6":22,"7":10,"8":11,"9":1,"10":6,"11":6,"12":5,"13":6,"14":1,"15":4,"16":4,"17":4,"18":4,"19":10,"20":8,"21":8,"22":36,"23":4,"24":2,"25":2,"26":2,"27":2,"28":30,"29":12,"30":2,"31":1,"32":2,"33":2,"34":2,"35":2,"36":32,"37":12,"38":2,"39":1},"f":{"0":24,"1":6,"2":4,"3":2,"4":2},"b":{"0":[2],"1":[1],"2":[10],"3":[8],"4":[12],"5":[12]}}
,"C:\\Programmieren\\Rätsel\\src\\smallestCommonMultiple.ts": {"path":"C:\\Programmieren\\Rätsel\\src\\smallestCommonMultiple.ts","statementMap":{"0":{"start":{"line":3,"column":2},"end":{"line":7,"column":3}},"1":{"start":{"line":4,"column":15},"end":{"line":4,"column":16}},"2":{"start":{"line":5,"column":4},"end":{"line":5,"column":14}},"3":{"start":{"line":6,"column":4},"end":{"line":6,"column":13}},"4":{"start":{"line":8,"column":2},"end":{"line":8,"column":11}},"5":{"start":{"line":12,"column":2},"end":{"line":12,"column":29}},"6":{"start":{"line":16,"column":2},"end":{"line":18,"column":3}},"7":{"start":{"line":17,"column":4},"end":{"line":17,"column":73}},"8":{"start":{"line":20,"column":15},"end":{"line":20,"column":23}},"9":{"start":{"line":21,"column":2},"end":{"line":23,"column":3}},"10":{"start":{"line":21,"column":15},"end":{"line":21,"column":27}},"11":{"start":{"line":22,"column":4},"end":{"line":22,"column":28}},"12":{"start":{"line":24,"column":2},"end":{"line":24,"column":16}},"13":{"start":{"line":15,"column":0},"end":{"line":15,"column":16}}},"fnMap":{"0":{"name":"gcd","decl":{"start":{"line":2,"column":9},"end":{"line":2,"column":12}},"loc":{"start":{"line":2,"column":33},"end":{"line":9,"column":1}}},"1":{"name":"lcm","decl":{"start":{"line":11,"column":9},"end":{"line":11,"column":12}},"loc":{"start":{"line":11,"column":33},"end":{"line":13,"column":1}}},"2":{"name":"smallestCommonMultiple","decl":{"start":{"line":15,"column":16},"end":{"line":15,"column":38}},"loc":{"start":{"line":15,"column":71},"end":{"line":25,"column":1}}}},"branchMap":{"0":{"loc":{"start":{"line":16,"column":2},"end":{"line":18,"column":3}},"type":"if","locations":[{"start":{"line":16,"column":2},"end":{"line":18,"column":3}}]}},"s":{"0":32,"1":71,"2":71,"3":71,"4":32,"5":32,"6":4,"7":1,"8":3,"9":3,"10":3,"11":32,"12":3,"13":1},"f":{"0":32,"1":32,"2":4},"b":{"0":[1]}}
,"C:\\Programmieren\\Rätsel\\src\\sumOfMultiples.ts": {"path":"C:\\Programmieren\\Rätsel\\src\\sumOfMultiples.ts","statementMap":{"0":{"start":{"line":6,"column":2},"end":{"line":10,"column":3}},"1":{"start":{"line":7,"column":4},"end":{"line":9,"column":6}},"2":{"start":{"line":12,"column":12},"end":{"line":12,"column":14}},"3":{"start":{"line":13,"column":22},"end":{"line":13,"column":67}},"4":{"start":{"line":15,"column":2},"end":{"line":18,"column":3}},"5":{"start":{"line":15,"column":15},"end":{"line":15,"column":23}},"6":{"start":{"line":16,"column":21},"end":{"line":16,"column":38}},"7":{"start":{"line":17,"column":4},"end":{"line":17,"column":47}},"8":{"start":{"line":17,"column":30},"end":{"line":17,"column":47}},"9":{"start":{"line":20,"column":2},"end":{"line":20,"column":49}},"10":{"start":{"line":20,"column":35},"end":{"line":20,"column":48}},"11":{"start":{"line":1,"column":0},"end":{"line":1,"column":16}}},"fnMap":{"0":{"name":"sumOfMultiples","decl":{"start":{"line":1,"column":16},"end":{"line":1,"column":30}},"loc":{"start":{"line":4,"column":17},"end":{"line":21,"column":1}}},"1":{"name":"(anonymous_1)","decl":{"start":{"line":20,"column":18},"end":{"line":20,"column":19}},"loc":{"start":{"line":20,"column":30},"end":{"line":20,"column":38}}}},"branchMap":{"0":{"loc":{"start":{"line":6,"column":2},"end":{"line":10,"column":3}},"type":"if","locations":[{"start":{"line":6,"column":2},"end":{"line":10,"column":3}}]},"1":{"loc":{"start":{"line":6,"column":6},"end":{"line":6,"column":50}},"type":"binary-expr","locations":[{"start":{"line":6,"column":7},"end":{"line":6,"column":13}},{"start":{"line":6,"column":17},"end":{"line":6,"column":28}},{"start":{"line":6,"column":33},"end":{"line":6,"column":50}}]},"2":{"loc":{"start":{"line":13,"column":22},"end":{"line":13,"column":67}},"type":"cond-expr","locations":[{"start":{"line":13,"column":31},"end":{"line":13,"column":58}},{"start":{"line":13,"column":61},"end":{"line":13,"column":67}}]},"3":{"loc":{"start":{"line":16,"column":26},"end":{"line":16,"column":37}},"type":"binary-expr","locations":[{"start":{"line":16,"column":26},"end":{"line":16,"column":32}},{"start":{"line":16,"column":36},"end":{"line":16,"column":37}}]},"4":{"loc":{"start":{"line":17,"column":4},"end":{"line":17,"column":47}},"type":"if","locations":[{"start":{"line":17,"column":4},"end":{"line":17,"column":47}}]}},"s":{"0":6,"1":2,"2":4,"3":4,"4":4,"5":4,"6":20,"7":20,"8":20,"9":4,"10":16,"11":1},"f":{"0":6,"1":16},"b":{"0":[2],"1":[6,4,5],"2":[3,1],"3":[20,10],"4":[20]}}
}
