TN:
SF:src\factorial.ts
FN:1,factorial
FNF:1
FNH:1
FNDA:7,factorial
DA:1,1
DA:2,7
DA:3,1
DA:6,6
DA:7,6
DA:8,18
DA:11,6
LF:7
LH:7
BRDA:2,0,0,1
BRF:1
BRH:1
end_of_record
TN:
SF:src\prime.ts
FN:1,isPrime
FN:12,nextPrime
FN:22,sieveOfEratosthenes
FN:39,sumOfPrimeRange
FN:53,rangeOfPrimes
FNF:5
FNH:5
FNDA:24,isPrime
FNDA:6,nextPrime
FNDA:4,sieveOfEratosthenes
FNDA:2,sumOfPrimeRange
FNDA:2,rangeOfPrimes
DA:1,1
DA:2,24
DA:3,22
DA:5,21
DA:6,22
DA:9,11
DA:12,1
DA:13,6
DA:15,6
DA:16,5
DA:19,6
DA:24,4
DA:25,4
DA:28,4
DA:29,10
DA:30,8
DA:31,36
DA:36,4
DA:39,1
DA:40,2
DA:43,2
DA:44,2
DA:45,30
DA:46,12
DA:50,2
DA:53,1
DA:54,2
DA:56,2
DA:57,2
DA:58,32
DA:59,12
DA:62,2
LF:32
LH:32
BRDA:2,0,0,2
BRDA:3,1,0,1
BRDA:6,2,0,10
BRDA:29,3,0,8
BRDA:45,4,0,12
BRDA:58,5,0,12
BRF:6
BRH:6
end_of_record
TN:
SF:src\smallestCommonMultiple.ts
FN:2,gcd
FN:11,lcm
FN:15,smallestCommonMultiple
FNF:3
FNH:3
FNDA:32,gcd
FNDA:32,lcm
FNDA:4,smallestCommonMultiple
DA:3,32
DA:4,71
DA:5,71
DA:6,71
DA:8,32
DA:12,32
DA:15,1
DA:16,4
DA:17,1
DA:20,3
DA:21,3
DA:22,32
DA:24,3
LF:13
LH:13
BRDA:16,0,0,1
BRF:1
BRH:1
end_of_record
TN:
SF:src\sumOfMultiples.ts
FN:1,sumOfMultiples
FN:20,(anonymous_1)
FNF:2
FNH:2
FNDA:6,sumOfMultiples
FNDA:16,(anonymous_1)
DA:1,1
DA:6,6
DA:7,2
DA:12,4
DA:13,4
DA:15,4
DA:16,20
DA:17,20
DA:20,16
LF:9
LH:9
BRDA:6,0,0,2
BRDA:6,1,0,6
BRDA:6,1,1,4
BRDA:6,1,2,5
BRDA:13,2,0,3
BRDA:13,2,1,1
BRDA:16,3,0,20
BRDA:16,3,1,10
BRDA:17,4,0,20
BRF:9
BRH:9
end_of_record
